<?xml version="1.0" encoding="UTF-8"?>
<!-- Generated by org.testng.reporters.JUnitReportReporter -->
<testsuite skipped="0" hostname="DESKTOP-C57V6IB" name="testClasses.CreateNewAccount" tests="1" failures="0" timestamp="22 Dec 2018 19:39:19 GMT" time="9.582" errors="0">
  <testcase name="createNewAccountFromHomePage" time="9.582" classname="testClasses.CreateNewAccount"/>
</testsuite> <!-- testClasses.CreateNewAccount -->
