<?xml version="1.0" encoding="UTF-8"?>
<!-- Generated by org.testng.reporters.JUnitReportReporter -->
<testsuite skipped="0" hostname="DESKTOP-C57V6IB" name="collections.CollectionsTutorial" tests="1" failures="0" timestamp="12 Aug 2017 15:16:36 GMT" time="0.007" errors="0">
  <testcase name="CollectionTest" time="0.007" classname="collections.CollectionsTutorial"/>
</testsuite> <!-- collections.CollectionsTutorial -->
