<?xml version="1.0" encoding="UTF-8"?>
<!-- Generated by org.testng.reporters.JUnitReportReporter -->
<testsuite skipped="0" hostname="DESKTOP-C57V6IB" name="collections.Arrays" tests="1" failures="0" timestamp="01 Sep 2017 00:17:08 GMT" time="0.010" errors="0">
  <testcase name="Arrays" time="0.010" classname="collections.Arrays"/>
</testsuite> <!-- collections.Arrays -->
