<?xml version="1.0" encoding="UTF-8"?>
<!-- Generated by org.testng.reporters.JUnitReportReporter -->
<testsuite skipped="0" hostname="DESKTOP-C57V6IB" name="testClasses.NewTest" tests="1" failures="0" timestamp="09 Dec 2018 05:04:33 GMT" time="0.023" errors="0">
  <testcase name="f" time="0.023" classname="testClasses.NewTest"/>
</testsuite> <!-- testClasses.NewTest -->
