<?xml version="1.0" encoding="UTF-8"?>
<!-- Generated by org.testng.reporters.JUnitReportReporter -->
<testsuite skipped="1" hostname="DESKTOP-C57V6IB" name="testClasses.CreateNewAccount" tests="1" failures="0" timestamp="22 Dec 2018 03:58:55 GMT" time="0.000" errors="0">
  <testcase name="createNewAccountFromHomePage" time="0.000" classname="testClasses.CreateNewAccount">
    <skipped/>
  </testcase> <!-- createNewAccountFromHomePage -->
</testsuite> <!-- testClasses.CreateNewAccount -->
